<?xml version="1.0" encoding="UTF-8"?>
<!-- Generated by org.testng.reporters.JUnitReportReporter -->
<testsuite hostname="DESKTOP-1Q5MRB2" failures="0" tests="3" name="leraningtestng.demoWebShopAssignment2" time="3.238" errors="0" timestamp="10 Sep 2024 08:37:06 GMT" skipped="0">
  <testcase classname="leraningtestng.demoWebShopAssignment2" name="Register" time="1.115"/>
  <testcase classname="leraningtestng.demoWebShopAssignment2" name="Login" time="1.115"/>
  <testcase classname="leraningtestng.demoWebShopAssignment2" name="addtocart" time="1.008"/>
</testsuite> <!-- leraningtestng.demoWebShopAssignment2 -->
