<?xml version="1.0" encoding="UTF-8"?>
<!-- Generated by org.testng.reporters.JUnitReportReporter -->
<testsuite hostname="DESKTOP-1Q5MRB2" failures="0" tests="2" name="leraningtestng.TestClass1" time="0.014" errors="0" timestamp="10 Jun 2024 13:56:34 GMT" skipped="0">
  <testcase classname="leraningtestng.TestClass1" name="testscript1" time="0.003"/>
  <testcase classname="leraningtestng.TestClass1" name="Testscript2" time="0.011"/>
</testsuite> <!-- leraningtestng.TestClass1 -->
