<?xml version="1.0" encoding="UTF-8"?>
<!-- Generated by org.testng.reporters.JUnitReportReporter -->
<testsuite hostname="DESKTOP-1Q5MRB2" failures="0" tests="1" name="leraningtestng.TestgnAndMainMethodbothUse" time="0.010" errors="0" timestamp="06 Jul 2024 05:37:40 GMT" skipped="0">
  <testcase classname="leraningtestng.TestgnAndMainMethodbothUse" name="testcript1" time="0.010"/>
</testsuite> <!-- leraningtestng.TestgnAndMainMethodbothUse -->
