<?xml version="1.0" encoding="UTF-8"?>
<!-- Generated by org.testng.reporters.JUnitReportReporter -->
<testsuite hostname="DESKTOP-1Q5MRB2" failures="0" tests="8" name="leraningtestng.InvocationCountAttribute" time="0.020" errors="0" timestamp="06 Jul 2024 06:39:17 GMT" skipped="0">
  <testcase classname="leraningtestng.InvocationCountAttribute" name="Addtocart" time="0.001"/>
  <testcase classname="leraningtestng.InvocationCountAttribute" name="Addtocart" time="0.002"/>
  <testcase classname="leraningtestng.InvocationCountAttribute" name="Addtocart" time="0.001"/>
  <testcase classname="leraningtestng.InvocationCountAttribute" name="Addtocart" time="0.001"/>
  <testcase classname="leraningtestng.InvocationCountAttribute" name="Addtocart" time="0.012"/>
  <testcase classname="leraningtestng.InvocationCountAttribute" name="register" time="0.001"/>
  <testcase classname="leraningtestng.InvocationCountAttribute" name="Login" time="0.002"/>
  <testcase classname="leraningtestng.InvocationCountAttribute" name="logout" time="0.000"/>
</testsuite> <!-- leraningtestng.InvocationCountAttribute -->
