<?xml version="1.0" encoding="UTF-8"?>
<!-- Generated by org.testng.reporters.JUnitReportReporter -->
<testsuite hostname="DESKTOP-1Q5MRB2" failures="0" tests="4" name="leraningtestng.TestngPriorityAttribute" time="0.015" errors="0" timestamp="07 Jul 2024 11:42:15 GMT" skipped="0">
  <testcase classname="leraningtestng.TestngPriorityAttribute" name="register" time="0.010"/>
  <testcase classname="leraningtestng.TestngPriorityAttribute" name="Login" time="0.001"/>
  <testcase classname="leraningtestng.TestngPriorityAttribute" name="Addtocart" time="0.002"/>
  <testcase classname="leraningtestng.TestngPriorityAttribute" name="logout" time="0.002"/>
</testsuite> <!-- leraningtestng.TestngPriorityAttribute -->
