<?xml version="1.0" encoding="UTF-8"?>
<!-- Generated by org.testng.reporters.JUnitReportReporter -->
<testsuite hostname="DESKTOP-1Q5MRB2" failures="0" tests="4" name="leraningtestng.TestNGEnabledFalseAttribute" time="0.014" errors="0" timestamp="06 Jul 2024 11:51:44 GMT" skipped="1">
  <testcase classname="leraningtestng.TestNGEnabledFalseAttribute" name="register" time="0.010"/>
  <testcase classname="leraningtestng.TestNGEnabledFalseAttribute" name="Login" time="0.001"/>
  <testcase classname="leraningtestng.TestNGEnabledFalseAttribute" name="logout" time="0.003"/>
  <testcase classname="leraningtestng.TestNGEnabledFalseAttribute" name="Addtocart">
    <skipped/>
  </testcase> <!-- Addtocart -->
</testsuite> <!-- leraningtestng.TestNGEnabledFalseAttribute -->
