<?xml version="1.0" encoding="UTF-8"?>
<!-- Generated by org.testng.reporters.JUnitReportReporter -->
<testsuite hostname="DESKTOP-1Q5MRB2" failures="0" tests="3" name="leraningtestng.demowebshoploginAssignment" time="21.986" errors="0" timestamp="10 Sep 2024 07:24:14 GMT" skipped="0">
  <testcase classname="leraningtestng.demowebshoploginAssignment" name="register" time="7.731"/>
  <testcase classname="leraningtestng.demowebshoploginAssignment" name="login" time="7.045"/>
  <testcase classname="leraningtestng.demowebshoploginAssignment" name="addtocart" time="7.210"/>
</testsuite> <!-- leraningtestng.demowebshoploginAssignment -->
