<?xml version="1.0" encoding="UTF-8"?>
<!-- Generated by org.testng.reporters.JUnitReportReporter -->
<testsuite hostname="DESKTOP-1Q5MRB2" failures="0" tests="2" name="leraningtestng.ConfigerAnotetionsinTestng" time="0.014" errors="0" timestamp="08 Jul 2024 05:32:09 GMT" skipped="0">
  <testcase classname="leraningtestng.ConfigerAnotetionsinTestng" name="Testscript" time="0.010"/>
  <testcase classname="leraningtestng.ConfigerAnotetionsinTestng" name="Testscript2" time="0.004"/>
</testsuite> <!-- leraningtestng.ConfigerAnotetionsinTestng -->
