<?xml version="1.0" encoding="UTF-8"?>
<!-- Generated by org.testng.reporters.JUnitReportReporter -->
<testsuite hostname="DESKTOP-1Q5MRB2" failures="0" tests="3" name="leraningtestng.DependsOnMethodAttribute" time="0.012" errors="0" timestamp="06 Jul 2024 12:03:49 GMT" skipped="0">
  <testcase classname="leraningtestng.DependsOnMethodAttribute" name="register" time="0.002"/>
  <testcase classname="leraningtestng.DependsOnMethodAttribute" name="Login" time="0.001"/>
  <testcase classname="leraningtestng.DependsOnMethodAttribute" name="Addtocart" time="0.009"/>
</testsuite> <!-- leraningtestng.DependsOnMethodAttribute -->
